# Logfile created on 2014-01-03 13:34:35 -0500 by logger.rb/36483
I, [2014-01-03T13:34:35.147854 #11910]  INFO -- : 0:  rake (10.1.0) from /Users/katedonahue/.rvm/gems/ruby-2.0.0-p247/specifications/rake-10.1.0.gemspec
I, [2014-01-03T13:34:37.426966 #11910]  INFO -- : 0:  i18n (0.6.4) from /Users/katedonahue/.rvm/gems/ruby-2.0.0-p247/specifications/i18n-0.6.4.gemspec
I, [2014-01-03T13:34:37.427540 #11910]  INFO -- : 0:  minitest (4.7.5) from /Users/katedonahue/.rvm/gems/ruby-2.0.0-p247/specifications/minitest-4.7.5.gemspec
I, [2014-01-03T13:34:37.427892 #11910]  INFO -- : 0:  multi_json (1.7.7) from /Users/katedonahue/.rvm/gems/ruby-2.0.0-p247/specifications/multi_json-1.7.7.gemspec
I, [2014-01-03T13:34:40.374068 #11910]  INFO -- : 0:  atomic (1.1.10) from /Users/katedonahue/.rvm/gems/ruby-2.0.0-p247/specifications/atomic-1.1.10.gemspec
I, [2014-01-03T13:34:41.969347 #11910]  INFO -- : 0:  thread_safe (0.1.0) from /Users/katedonahue/.rvm/gems/ruby-2.0.0-p247/specifications/thread_safe-0.1.0.gemspec
I, [2014-01-03T13:34:43.158409 #11910]  INFO -- : 0:  tzinfo (0.3.37) from /Users/katedonahue/.rvm/gems/ruby-2.0.0-p247/specifications/tzinfo-0.3.37.gemspec
I, [2014-01-03T13:34:43.158841 #11910]  INFO -- : 0:  activesupport (4.0.0) from /Users/katedonahue/.rvm/gems/ruby-2.0.0-p247/specifications/activesupport-4.0.0.gemspec
I, [2014-01-03T13:34:43.159109 #11910]  INFO -- : 0:  builder (3.1.4) from /Users/katedonahue/.rvm/gems/ruby-2.0.0-p247/specifications/builder-3.1.4.gemspec
I, [2014-01-03T13:34:43.159362 #11910]  INFO -- : 0:  activemodel (4.0.0) from /Users/katedonahue/.rvm/gems/ruby-2.0.0-p247/specifications/activemodel-4.0.0.gemspec
I, [2014-01-03T13:34:43.159604 #11910]  INFO -- : 0:  activerecord-deprecated_finders (1.0.3) from /Users/katedonahue/.rvm/gems/ruby-2.0.0-p247/specifications/activerecord-deprecated_finders-1.0.3.gemspec
I, [2014-01-03T13:34:44.244568 #11910]  INFO -- : 0:  arel (4.0.0) from /Users/katedonahue/.rvm/gems/ruby-2.0.0-p247/specifications/arel-4.0.0.gemspec
I, [2014-01-03T13:34:44.244992 #11910]  INFO -- : 0:  activerecord (4.0.0) from /Users/katedonahue/.rvm/gems/ruby-2.0.0-p247/specifications/activerecord-4.0.0.gemspec
I, [2014-01-03T13:34:44.245253 #11910]  INFO -- : 0:  bond (0.4.3) from /Users/katedonahue/.rvm/gems/ruby-2.0.0-p247/specifications/bond-0.4.3.gemspec
I, [2014-01-03T13:34:44.245662 #11910]  INFO -- : 0:  tilt (1.4.1) from /Users/katedonahue/.rvm/gems/ruby-2.0.0-p247/specifications/tilt-1.4.1.gemspec
I, [2014-01-03T13:34:44.245932 #11910]  INFO -- : 0:  haml (4.0.4) from /Users/katedonahue/.rvm/gems/ruby-2.0.0-p247/specifications/haml-4.0.4.gemspec
I, [2014-01-03T13:34:44.246177 #11910]  INFO -- : 0:  rack (1.5.2) from /Users/katedonahue/.rvm/gems/ruby-2.0.0-p247/specifications/rack-1.5.2.gemspec
I, [2014-01-03T13:34:44.246416 #11910]  INFO -- : 0:  rack-protection (1.5.0) from /Users/katedonahue/.rvm/gems/ruby-2.0.0-p247/specifications/rack-protection-1.5.0.gemspec
I, [2014-01-03T13:34:44.246644 #11910]  INFO -- : 0:  rack-test (0.6.2) from /Users/katedonahue/.rvm/gems/ruby-2.0.0-p247/specifications/rack-test-0.6.2.gemspec
I, [2014-01-03T13:34:44.246871 #11910]  INFO -- : 0:  ripl (0.7.0) from /Users/katedonahue/.rvm/gems/ruby-2.0.0-p247/specifications/ripl-0.7.0.gemspec
I, [2014-01-03T13:34:44.247095 #11910]  INFO -- : 0:  ripl-multi_line (0.3.1) from /Users/katedonahue/.rvm/gems/ruby-2.0.0-p247/specifications/ripl-multi_line-0.3.1.gemspec
I, [2014-01-03T13:34:44.247318 #11910]  INFO -- : 0:  ripl-rack (0.2.0) from /Users/katedonahue/.rvm/gems/ruby-2.0.0-p247/specifications/ripl-rack-0.2.0.gemspec
I, [2014-01-03T13:34:44.247869 #11910]  INFO -- : 0:  shotgun (0.9) from /Users/katedonahue/.rvm/gems/ruby-2.0.0-p247/specifications/shotgun-0.9.gemspec
I, [2014-01-03T13:34:44.248331 #11910]  INFO -- : 0:  sinatra (1.4.3) from /Users/katedonahue/.rvm/gems/ruby-2.0.0-p247/specifications/sinatra-1.4.3.gemspec
I, [2014-01-03T13:34:44.248781 #11910]  INFO -- : 0:  sinatra-activerecord (1.2.3) from /Users/katedonahue/.rvm/gems/ruby-2.0.0-p247/specifications/sinatra-activerecord-1.2.3.gemspec
I, [2014-01-03T13:34:46.859581 #11910]  INFO -- : 0:  sqlite3 (1.3.7) from /Users/katedonahue/.rvm/gems/ruby-2.0.0-p247/specifications/sqlite3-1.3.7.gemspec
I, [2014-01-03T13:34:46.860483 #11910]  INFO -- : 0:  tux (0.3.0) from /Users/katedonahue/.rvm/gems/ruby-2.0.0-p247/specifications/tux-0.3.0.gemspec
I, [2014-01-03T13:34:46.860909 #11910]  INFO -- : 0:  bundler (1.5.0) from /Users/katedonahue/.rvm/gems/ruby-2.0.0-p247/specifications/bundler-1.5.0.gemspec
